<?xml version="1.0" encoding="UTF-8"?>
<!-- Generated by org.testng.reporters.JUnitXMLReporter -->
<testsuite ignored="0" hostname="DESKTOP-3268FUS" failures="0" tests="4" name="Regression" time="105.151" errors="0" timestamp="2023-04-24T10:00:21 EDT">
  <testcase classname="testLayer.LoginTest" name="Title" time="0.026"/>
  <testcase classname="testLayer.LoginTest" name="Login" time="2.382"/>
  <testcase classname="testLayer.LoginTest" name="Login" time="2.222"/>
  <testcase classname="testLayer.LoginTest" name="Login" time="2.285"/>
</testsuite> <!-- Regression -->
