<?xml version="1.0" encoding="UTF-8"?>
<!-- Generated by org.testng.reporters.JUnitXMLReporter -->
<testsuite ignored="0" hostname="DESKTOP-3268FUS" failures="0" tests="4" name="Default test" time="93.089" errors="0" timestamp="2023-04-24T09:51:07 EDT">
  <testcase classname="testLayer.LoginTest" name="Title" time="0.022"/>
  <testcase classname="testLayer.LoginTest" name="Login" time="2.202"/>
  <testcase classname="testLayer.LoginTest" name="Login" time="2.131"/>
  <testcase classname="testLayer.LoginTest" name="Login" time="2.122"/>
</testsuite> <!-- Default test -->
