<?xml version="1.0" encoding="UTF-8"?>
<!-- Generated by org.testng.reporters.JUnitXMLReporter -->
<testsuite ignored="0" hostname="DESKTOP-3268FUS" failures="0" tests="4" name="Default test" time="80.369" errors="0" timestamp="2023-04-24T15:42:49 EDT">
  <testcase classname="testLayer.LoginTest" name="Title" time="0.025"/>
  <testcase classname="testLayer.LoginTest" name="Login" time="2.201"/>
  <testcase classname="testLayer.LoginTest" name="Login" time="2.143"/>
  <testcase classname="testLayer.LoginTest" name="Login" time="2.165"/>
</testsuite> <!-- Default test -->
