<?xml version="1.0" encoding="UTF-8"?>
<!-- Generated by org.testng.reporters.JUnitXMLReporter -->
<testsuite ignored="0" hostname="DESKTOP-3268FUS" failures="0" tests="6" name="Regression" time="26.399" errors="0" timestamp="2023-04-19T22:42:11 EDT">
  <testcase classname="SEL.Testnew" name="writetestcases" time="0.023"/>
  <testcase classname="SEL.Testnew" name="Executetestcases" time="0.003"/>
  <testcase classname="SEL.Testnew" name="Defect" time="0.016"/>
  <testcase classname="SEL.TestSelenium" name="Display" time="2.694"/>
  <testcase classname="SEL.TestSelenium" name="Display" time="2.635"/>
  <testcase classname="SEL.TestSelenium" name="Display" time="2.408"/>
</testsuite> <!-- Regression -->
