<?xml version="1.0" encoding="UTF-8"?>
<testng-results ignored="0" total="4" passed="4" failed="0" skipped="0">
  <reporter-output>
  </reporter-output>
  <suite started-at="2023-04-24T09:58:36 EDT" name="OrangeHRM" finished-at="2023-04-24T10:00:21 EDT" duration-ms="105151">
    <groups>
    </groups>
    <test started-at="2023-04-24T09:58:36 EDT" name="Regression" finished-at="2023-04-24T10:00:21 EDT" duration-ms="105151">
      <class name="testLayer.LoginTest">
        <test-method is-config="true" signature="initsetup()[pri:0, instance:testLayer.LoginTest@59662a0b]" started-at="2023-04-24T09:58:36 EDT" name="initsetup" finished-at="2023-04-24T09:58:53 EDT" duration-ms="17663" status="PASS">
          <reporter-output>
          </reporter-output>
        </test-method> <!-- initsetup -->
        <test-method signature="Title()[pri:1, instance:testLayer.LoginTest@59662a0b]" started-at="2023-04-24T09:58:53 EDT" name="Title" finished-at="2023-04-24T09:58:53 EDT" duration-ms="26" status="PASS">
          <reporter-output>
          </reporter-output>
        </test-method> <!-- Title -->
        <test-method is-config="true" signature="close()[pri:0, instance:testLayer.LoginTest@59662a0b]" started-at="2023-04-24T09:58:54 EDT" name="close" finished-at="2023-04-24T09:58:58 EDT" duration-ms="4167" status="PASS">
          <reporter-output>
          </reporter-output>
        </test-method> <!-- close -->
        <test-method is-config="true" signature="initsetup()[pri:0, instance:testLayer.LoginTest@59662a0b]" started-at="2023-04-24T09:59:00 EDT" name="initsetup" finished-at="2023-04-24T09:59:23 EDT" duration-ms="23662" status="PASS">
          <reporter-output>
          </reporter-output>
        </test-method> <!-- initsetup -->
        <test-method signature="Login(java.lang.String,java.lang.String)[pri:2, instance:testLayer.LoginTest@59662a0b]" started-at="2023-04-24T09:59:23 EDT" name="Login" data-provider="Details" finished-at="2023-04-24T09:59:26 EDT" duration-ms="2382" status="PASS">
          <params>
            <param index="0">
              <value>
                <![CDATA[Admin]]>
              </value>
            </param>
            <param index="1">
              <value>
                <![CDATA[admin123]]>
              </value>
            </param>
          </params>
          <reporter-output>
          </reporter-output>
        </test-method> <!-- Login -->
        <test-method is-config="true" signature="close()[pri:0, instance:testLayer.LoginTest@59662a0b]" started-at="2023-04-24T09:59:26 EDT" name="close" finished-at="2023-04-24T09:59:32 EDT" duration-ms="6406" status="PASS">
          <reporter-output>
          </reporter-output>
        </test-method> <!-- close -->
        <test-method is-config="true" signature="initsetup()[pri:0, instance:testLayer.LoginTest@59662a0b]" started-at="2023-04-24T09:59:32 EDT" name="initsetup" finished-at="2023-04-24T09:59:48 EDT" duration-ms="16091" status="PASS">
          <reporter-output>
          </reporter-output>
        </test-method> <!-- initsetup -->
        <test-method signature="Login(java.lang.String,java.lang.String)[pri:2, instance:testLayer.LoginTest@59662a0b]" started-at="2023-04-24T09:59:48 EDT" name="Login" data-provider="Details" finished-at="2023-04-24T09:59:50 EDT" duration-ms="2222" status="PASS">
          <params>
            <param index="0">
              <value>
                <![CDATA[Admin]]>
              </value>
            </param>
            <param index="1">
              <value>
                <![CDATA[abcd]]>
              </value>
            </param>
          </params>
          <reporter-output>
          </reporter-output>
        </test-method> <!-- Login -->
        <test-method is-config="true" signature="close()[pri:0, instance:testLayer.LoginTest@59662a0b]" started-at="2023-04-24T09:59:50 EDT" name="close" finished-at="2023-04-24T09:59:57 EDT" duration-ms="6602" status="PASS">
          <reporter-output>
          </reporter-output>
        </test-method> <!-- close -->
        <test-method is-config="true" signature="initsetup()[pri:0, instance:testLayer.LoginTest@59662a0b]" started-at="2023-04-24T09:59:57 EDT" name="initsetup" finished-at="2023-04-24T10:00:14 EDT" duration-ms="16891" status="PASS">
          <reporter-output>
          </reporter-output>
        </test-method> <!-- initsetup -->
        <test-method signature="Login(java.lang.String,java.lang.String)[pri:2, instance:testLayer.LoginTest@59662a0b]" started-at="2023-04-24T10:00:14 EDT" name="Login" data-provider="Details" finished-at="2023-04-24T10:00:16 EDT" duration-ms="2285" status="PASS">
          <params>
            <param index="0">
              <value>
                <![CDATA[scott]]>
              </value>
            </param>
            <param index="1">
              <value>
                <![CDATA[xyz]]>
              </value>
            </param>
          </params>
          <reporter-output>
          </reporter-output>
        </test-method> <!-- Login -->
        <test-method is-config="true" signature="close()[pri:0, instance:testLayer.LoginTest@59662a0b]" started-at="2023-04-24T10:00:16 EDT" name="close" finished-at="2023-04-24T10:00:21 EDT" duration-ms="4685" status="PASS">
          <reporter-output>
          </reporter-output>
        </test-method> <!-- close -->
      </class> <!-- testLayer.LoginTest -->
    </test> <!-- Regression -->
  </suite> <!-- OrangeHRM -->
</testng-results>
