<?xml version="1.0" encoding="UTF-8"?>
<testng-results ignored="0" total="4" passed="4" failed="0" skipped="0">
  <reporter-output>
  </reporter-output>
  <suite started-at="2023-04-24T15:41:29 EDT" name="Default suite" finished-at="2023-04-24T15:42:49 EDT" duration-ms="80369">
    <groups>
    </groups>
    <test started-at="2023-04-24T15:41:29 EDT" name="Default test" finished-at="2023-04-24T15:42:49 EDT" duration-ms="80369">
      <class name="testLayer.LoginTest">
        <test-method is-config="true" signature="initsetup()[pri:0, instance:testLayer.LoginTest@409bf450]" started-at="2023-04-24T15:41:29 EDT" name="initsetup" finished-at="2023-04-24T15:41:50 EDT" duration-ms="21277" status="PASS">
          <reporter-output>
          </reporter-output>
        </test-method> <!-- initsetup -->
        <test-method signature="Title()[pri:1, instance:testLayer.LoginTest@409bf450]" started-at="2023-04-24T15:41:50 EDT" name="Title" finished-at="2023-04-24T15:41:50 EDT" duration-ms="25" status="PASS">
          <reporter-output>
          </reporter-output>
        </test-method> <!-- Title -->
        <test-method is-config="true" signature="close()[pri:0, instance:testLayer.LoginTest@409bf450]" started-at="2023-04-24T15:41:50 EDT" name="close" finished-at="2023-04-24T15:41:52 EDT" duration-ms="2113" status="PASS">
          <reporter-output>
          </reporter-output>
        </test-method> <!-- close -->
        <test-method is-config="true" signature="initsetup()[pri:0, instance:testLayer.LoginTest@409bf450]" started-at="2023-04-24T15:41:54 EDT" name="initsetup" finished-at="2023-04-24T15:42:12 EDT" duration-ms="17277" status="PASS">
          <reporter-output>
          </reporter-output>
        </test-method> <!-- initsetup -->
        <test-method signature="Login(java.lang.String,java.lang.String)[pri:2, instance:testLayer.LoginTest@409bf450]" started-at="2023-04-24T15:42:12 EDT" name="Login" data-provider="Details" finished-at="2023-04-24T15:42:14 EDT" duration-ms="2201" status="PASS">
          <params>
            <param index="0">
              <value>
                <![CDATA[Admin]]>
              </value>
            </param>
            <param index="1">
              <value>
                <![CDATA[admin123]]>
              </value>
            </param>
          </params>
          <reporter-output>
          </reporter-output>
        </test-method> <!-- Login -->
        <test-method is-config="true" signature="close()[pri:0, instance:testLayer.LoginTest@409bf450]" started-at="2023-04-24T15:42:14 EDT" name="close" finished-at="2023-04-24T15:42:16 EDT" duration-ms="2007" status="PASS">
          <reporter-output>
          </reporter-output>
        </test-method> <!-- close -->
        <test-method is-config="true" signature="initsetup()[pri:0, instance:testLayer.LoginTest@409bf450]" started-at="2023-04-24T15:42:16 EDT" name="initsetup" finished-at="2023-04-24T15:42:29 EDT" duration-ms="12627" status="PASS">
          <reporter-output>
          </reporter-output>
        </test-method> <!-- initsetup -->
        <test-method signature="Login(java.lang.String,java.lang.String)[pri:2, instance:testLayer.LoginTest@409bf450]" started-at="2023-04-24T15:42:29 EDT" name="Login" data-provider="Details" finished-at="2023-04-24T15:42:31 EDT" duration-ms="2143" status="PASS">
          <params>
            <param index="0">
              <value>
                <![CDATA[Admin]]>
              </value>
            </param>
            <param index="1">
              <value>
                <![CDATA[abcd]]>
              </value>
            </param>
          </params>
          <reporter-output>
          </reporter-output>
        </test-method> <!-- Login -->
        <test-method is-config="true" signature="close()[pri:0, instance:testLayer.LoginTest@409bf450]" started-at="2023-04-24T15:42:31 EDT" name="close" finished-at="2023-04-24T15:42:32 EDT" duration-ms="1725" status="PASS">
          <reporter-output>
          </reporter-output>
        </test-method> <!-- close -->
        <test-method is-config="true" signature="initsetup()[pri:0, instance:testLayer.LoginTest@409bf450]" started-at="2023-04-24T15:42:32 EDT" name="initsetup" finished-at="2023-04-24T15:42:45 EDT" duration-ms="12777" status="PASS">
          <reporter-output>
          </reporter-output>
        </test-method> <!-- initsetup -->
        <test-method signature="Login(java.lang.String,java.lang.String)[pri:2, instance:testLayer.LoginTest@409bf450]" started-at="2023-04-24T15:42:45 EDT" name="Login" data-provider="Details" finished-at="2023-04-24T15:42:47 EDT" duration-ms="2165" status="PASS">
          <params>
            <param index="0">
              <value>
                <![CDATA[scott]]>
              </value>
            </param>
            <param index="1">
              <value>
                <![CDATA[xyz]]>
              </value>
            </param>
          </params>
          <reporter-output>
          </reporter-output>
        </test-method> <!-- Login -->
        <test-method is-config="true" signature="close()[pri:0, instance:testLayer.LoginTest@409bf450]" started-at="2023-04-24T15:42:47 EDT" name="close" finished-at="2023-04-24T15:42:49 EDT" duration-ms="1574" status="PASS">
          <reporter-output>
          </reporter-output>
        </test-method> <!-- close -->
      </class> <!-- testLayer.LoginTest -->
    </test> <!-- Default test -->
  </suite> <!-- Default suite -->
</testng-results>
